2026-03-21 16:10:01 [INFO] Backfilling FII/DII participant data from 2020-01-01 to 2026-03-19
2026-03-21 16:10:01 [INFO] Table nse_fii_dii_participant ready
2026-03-21 16:10:01 [INFO] Trading dates: 1538 total, 0 already stored, 1538 to fetch
2026-03-21 16:14:12 [INFO] Progress: 50/1538 (inserted=50, skipped=0, errors=0)
2026-03-21 16:18:27 [INFO] Progress: 100/1538 (inserted=100, skipped=0, errors=0)
2026-03-21 16:22:41 [INFO] Progress: 150/1538 (inserted=150, skipped=0, errors=0)
2026-03-21 16:26:54 [INFO] Progress: 200/1538 (inserted=200, skipped=0, errors=0)
2026-03-21 16:31:11 [INFO] Progress: 250/1538 (inserted=250, skipped=0, errors=0)
2026-03-21 16:35:24 [INFO] Progress: 300/1538 (inserted=300, skipped=0, errors=0)
2026-03-21 16:39:38 [INFO] Progress: 350/1538 (inserted=350, skipped=0, errors=0)
2026-03-21 16:43:52 [INFO] Progress: 400/1538 (inserted=400, skipped=0, errors=0)
2026-03-21 16:48:07 [INFO] Progress: 450/1538 (inserted=450, skipped=0, errors=0)
2026-03-21 16:52:21 [INFO] Progress: 500/1538 (inserted=500, skipped=0, errors=0)
2026-03-21 16:56:36 [INFO] Progress: 550/1538 (inserted=550, skipped=0, errors=0)
2026-03-21 17:00:50 [INFO] Progress: 600/1538 (inserted=600, skipped=0, errors=0)
2026-03-21 17:05:03 [INFO] Progress: 650/1538 (inserted=650, skipped=0, errors=0)
2026-03-21 17:09:16 [INFO] Progress: 700/1538 (inserted=700, skipped=0, errors=0)
2026-03-21 17:13:30 [INFO] Progress: 750/1538 (inserted=750, skipped=0, errors=0)
2026-03-21 17:17:43 [INFO] Progress: 800/1538 (inserted=800, skipped=0, errors=0)
2026-03-21 17:21:57 [INFO] Progress: 850/1538 (inserted=850, skipped=0, errors=0)
2026-03-21 17:26:10 [INFO] Progress: 900/1538 (inserted=900, skipped=0, errors=0)
2026-03-21 17:30:24 [INFO] Progress: 950/1538 (inserted=950, skipped=0, errors=0)
2026-03-21 17:30:29 [DEBUG] No OI data for 2023-10-31, skipping
2026-03-21 17:34:37 [INFO] Progress: 1000/1538 (inserted=999, skipped=1, errors=0)
2026-03-21 17:38:50 [INFO] Progress: 1050/1538 (inserted=1049, skipped=1, errors=0)
2026-03-21 17:43:04 [INFO] Progress: 1100/1538 (inserted=1099, skipped=1, errors=0)
2026-03-21 17:47:18 [INFO] Progress: 1150/1538 (inserted=1149, skipped=1, errors=0)
2026-03-21 17:51:32 [INFO] Progress: 1200/1538 (inserted=1199, skipped=1, errors=0)
2026-03-21 17:55:46 [INFO] Progress: 1250/1538 (inserted=1249, skipped=1, errors=0)
2026-03-21 17:59:59 [INFO] Progress: 1300/1538 (inserted=1299, skipped=1, errors=0)
2026-03-21 18:04:13 [INFO] Progress: 1350/1538 (inserted=1349, skipped=1, errors=0)
2026-03-21 18:08:26 [INFO] Progress: 1400/1538 (inserted=1399, skipped=1, errors=0)
2026-03-21 18:12:38 [INFO] Progress: 1450/1538 (inserted=1449, skipped=1, errors=0)
2026-03-21 18:16:52 [INFO] Progress: 1500/1538 (inserted=1499, skipped=1, errors=0)
2026-03-21 18:20:09 [INFO] Done. Total=1538, Inserted=1537, Skipped=1, Errors=0
